<?xml version="1.0" encoding="UTF-8"?>
<!-- Generated by org.testng.reporters.JUnitReportReporter -->
<testsuite hostname="Vaishnavis-MacBook-Pro.local" failures="0" tests="2" name="example.TestScenario2" time="71.164" errors="0" timestamp="2024-03-26T22:46:21 PDT" skipped="0">
  <testcase classname="example.TestScenario2" name="testCanvas" time="41.210"/>
  <system-out/>
  <testcase classname="example.TestScenario2" name="testCanvas" time="29.954"/>
  <system-out/>
</testsuite> <!-- example.TestScenario2 -->
