<?xml version="1.0" encoding="UTF-8"?>
<!-- Generated by org.testng.reporters.JUnitReportReporter -->
<testsuite hostname="Vaishnavis-MacBook-Pro.local" failures="0" tests="1" name="example.TestScenario5" time="46.845" errors="0" timestamp="2024-03-26T22:46:21 PDT" skipped="0">
  <testcase classname="example.TestScenario5" name="academicCalendar" time="46.845"/>
  <system-out/>
</testsuite> <!-- example.TestScenario5 -->
