<?xml version="1.0" encoding="UTF-8"?>
<!-- Generated by org.testng.reporters.JUnitReportReporter -->
<testsuite hostname="Vaishnavis-MacBook-Pro.local" failures="0" tests="1" name="example.TestScenario3" time="14.886" errors="0" timestamp="2024-03-26T22:46:21 PDT" skipped="0">
  <testcase classname="example.TestScenario3" name="testClassroomPDFDownload" time="14.886"/>
  <system-out/>
</testsuite> <!-- example.TestScenario3 -->
