<?xml version="1.0" encoding="UTF-8"?>
<!-- Generated by org.testng.reporters.JUnitReportReporter -->
<testsuite hostname="Vaishnavis-MacBook-Pro.local" failures="0" tests="1" name="example.TestScenario1" time="58.428" errors="0" timestamp="2024-03-26T22:46:21 PDT" skipped="0">
  <testcase classname="example.TestScenario1" name="testPortal" time="58.428"/>
  <system-out/>
</testsuite> <!-- example.TestScenario1 -->
